IMLib/build/outputs/logs/manifest-merger-release-report.txt
-- Merging decision tree log ---
manifest
ADDED from TSFQXBackstage\IMLib\AndroidManifest.xml:1:1-82:12
INJECTED from TSFQXBackstage\IMLib\AndroidManifest.xml:1:1-82:12
INJECTED from TSFQXBackstage\IMLib\AndroidManifest.xml:1:1-82:12
INJECTED from TSFQXBackstage\IMLib\AndroidManifest.xml:1:1-82:12
INJECTED from TSFQXBackstage\IMLib\AndroidManifest.xml:1:1-82:12
	package
		ADDED from TSFQXBackstage\IMLib\AndroidManifest.xml:2:5-28
		INJECTED from TSFQXBackstage\IMLib\AndroidManifest.xml
		INJECTED from TSFQXBackstage\IMLib\AndroidManifest.xml
	android:versionName
		INJECTED from TSFQXBackstage\IMLib\AndroidManifest.xml
		ADDED from TSFQXBackstage\IMLib\AndroidManifest.xml:1:1-82:12
		INJECTED from TSFQXBackstage\IMLib\AndroidManifest.xml
	xmlns:android
		ADDED from TSFQXBackstage\IMLib\AndroidManifest.xml:1:11-69
uses-permission#android.permission.WRITE_EXTERNAL_STORAGE
ADDED from TSFQXBackstage\IMLib\AndroidManifest.xml:4:5-81
	android:name
		ADDED from TSFQXBackstage\IMLib\AndroidManifest.xml:4:22-78
uses-permission#android.permission.INTERNET
ADDED from TSFQXBackstage\IMLib\AndroidManifest.xml:5:5-67
	android:name
		ADDED from TSFQXBackstage\IMLib\AndroidManifest.xml:5:22-64
uses-permission#android.permission.ACCESS_NETWORK_STATE
ADDED from TSFQXBackstage\IMLib\AndroidManifest.xml:6:5-79
	android:name
		ADDED from TSFQXBackstage\IMLib\AndroidManifest.xml:6:22-76
uses-permission#android.permission.ACCESS_WIFI_STATE
ADDED from TSFQXBackstage\IMLib\AndroidManifest.xml:7:5-76
	android:name
		ADDED from TSFQXBackstage\IMLib\AndroidManifest.xml:7:22-73
uses-permission#android.permission.READ_PHONE_STATE
ADDED from TSFQXBackstage\IMLib\AndroidManifest.xml:8:5-75
	android:name
		ADDED from TSFQXBackstage\IMLib\AndroidManifest.xml:8:22-72
uses-permission#android.permission.RECORD_AUDIO
ADDED from TSFQXBackstage\IMLib\AndroidManifest.xml:9:5-71
	android:name
		ADDED from TSFQXBackstage\IMLib\AndroidManifest.xml:9:22-68
uses-permission#android.permission.GET_TASKS
ADDED from TSFQXBackstage\IMLib\AndroidManifest.xml:10:5-68
	android:name
		ADDED from TSFQXBackstage\IMLib\AndroidManifest.xml:10:22-65
uses-permission#android.permission.WAKE_LOCK
ADDED from TSFQXBackstage\IMLib\AndroidManifest.xml:11:5-68
	android:name
		ADDED from TSFQXBackstage\IMLib\AndroidManifest.xml:11:22-65
uses-permission#android.permission.MODIFY_AUDIO_SETTINGS
ADDED from TSFQXBackstage\IMLib\AndroidManifest.xml:12:5-80
	android:name
		ADDED from TSFQXBackstage\IMLib\AndroidManifest.xml:12:22-77
uses-permission#android.permission.VIBRATE
ADDED from TSFQXBackstage\IMLib\AndroidManifest.xml:13:5-66
	android:name
		ADDED from TSFQXBackstage\IMLib\AndroidManifest.xml:13:22-63
uses-permission#android.permission.ACCESS_FINE_LOCATION
ADDED from TSFQXBackstage\IMLib\AndroidManifest.xml:14:5-79
	android:name
		ADDED from TSFQXBackstage\IMLib\AndroidManifest.xml:14:22-76
uses-permission#android.permission.RECEIVE_BOOT_COMPLETED
ADDED from TSFQXBackstage\IMLib\AndroidManifest.xml:15:5-81
	android:name
		ADDED from TSFQXBackstage\IMLib\AndroidManifest.xml:15:22-78
application
ADDED from TSFQXBackstage\IMLib\AndroidManifest.xml:17:5-80:19
meta-data#RONG_CLOUD_APP_KEY
ADDED from TSFQXBackstage\IMLib\AndroidManifest.xml:20:9-22:45
	android:value
		ADDED from TSFQXBackstage\IMLib\AndroidManifest.xml:22:13-42
	android:name
		ADDED from TSFQXBackstage\IMLib\AndroidManifest.xml:21:13-46
service#io.rong.imlib.ipc.RongService
ADDED from TSFQXBackstage\IMLib\AndroidManifest.xml:24:9-27:38
	android:process
		ADDED from TSFQXBackstage\IMLib\AndroidManifest.xml:27:13-35
	android:exported
		ADDED from TSFQXBackstage\IMLib\AndroidManifest.xml:26:13-36
	android:name
		ADDED from TSFQXBackstage\IMLib\AndroidManifest.xml:25:13-57
receiver#io.rong.imlib.ConnectChangeReceiver
ADDED from TSFQXBackstage\IMLib\AndroidManifest.xml:29:9-31:39
	android:exported
		ADDED from TSFQXBackstage\IMLib\AndroidManifest.xml:31:13-36
	android:name
		ADDED from TSFQXBackstage\IMLib\AndroidManifest.xml:30:13-63
receiver#io.rong.imlib.HeartbeatReceiver
ADDED from TSFQXBackstage\IMLib\AndroidManifest.xml:33:9-35:38
	android:process
		ADDED from TSFQXBackstage\IMLib\AndroidManifest.xml:35:13-35
	android:name
		ADDED from TSFQXBackstage\IMLib\AndroidManifest.xml:34:13-59
service#io.rong.push.core.PushRegistrationService
ADDED from TSFQXBackstage\IMLib\AndroidManifest.xml:42:9-45:72
	android:exported
		ADDED from TSFQXBackstage\IMLib\AndroidManifest.xml:44:13-36
	android:permission
		ADDED from TSFQXBackstage\IMLib\AndroidManifest.xml:45:13-69
	android:name
		ADDED from TSFQXBackstage\IMLib\AndroidManifest.xml:43:13-69
service#io.rong.push.core.MessageHandleService
ADDED from TSFQXBackstage\IMLib\AndroidManifest.xml:47:9-50:72
	android:exported
		ADDED from TSFQXBackstage\IMLib\AndroidManifest.xml:49:13-36
	android:permission
		ADDED from TSFQXBackstage\IMLib\AndroidManifest.xml:50:13-69
	android:name
		ADDED from TSFQXBackstage\IMLib\AndroidManifest.xml:48:13-66
service#io.rong.push.PushService
ADDED from TSFQXBackstage\IMLib\AndroidManifest.xml:53:9-57:46
	android:process
		ADDED from TSFQXBackstage\IMLib\AndroidManifest.xml:57:13-43
	android:exported
		ADDED from TSFQXBackstage\IMLib\AndroidManifest.xml:55:13-36
	android:permission
		ADDED from TSFQXBackstage\IMLib\AndroidManifest.xml:56:13-69
	android:name
		ADDED from TSFQXBackstage\IMLib\AndroidManifest.xml:54:13-52
receiver#io.rong.push.PushReceiver
ADDED from TSFQXBackstage\IMLib\AndroidManifest.xml:60:9-75:20
	android:process
		ADDED from TSFQXBackstage\IMLib\AndroidManifest.xml:62:13-43
	android:name
		ADDED from TSFQXBackstage\IMLib\AndroidManifest.xml:61:13-53
intent-filter#action:name:android.net.conn.CONNECTIVITY_CHANGE+action:name:io.rong.push.intent.action.HEART_BEAT
ADDED from TSFQXBackstage\IMLib\AndroidManifest.xml:64:13-67:29
action#io.rong.push.intent.action.HEART_BEAT
ADDED from TSFQXBackstage\IMLib\AndroidManifest.xml:65:17-80
	android:name
		ADDED from TSFQXBackstage\IMLib\AndroidManifest.xml:65:25-77
action#android.net.conn.CONNECTIVITY_CHANGE
ADDED from TSFQXBackstage\IMLib\AndroidManifest.xml:66:17-79
	android:name
		ADDED from TSFQXBackstage\IMLib\AndroidManifest.xml:66:25-76
intent-filter#action:name:android.intent.action.ACTION_POWER_CONNECTED+action:name:android.intent.action.ACTION_POWER_DISCONNECTED+action:name:android.intent.action.USER_PRESENT
ADDED from TSFQXBackstage\IMLib\AndroidManifest.xml:70:13-74:29
action#android.intent.action.USER_PRESENT
ADDED from TSFQXBackstage\IMLib\AndroidManifest.xml:71:17-77
	android:name
		ADDED from TSFQXBackstage\IMLib\AndroidManifest.xml:71:25-74
action#android.intent.action.ACTION_POWER_CONNECTED
ADDED from TSFQXBackstage\IMLib\AndroidManifest.xml:72:17-87
	android:name
		ADDED from TSFQXBackstage\IMLib\AndroidManifest.xml:72:25-84
action#android.intent.action.ACTION_POWER_DISCONNECTED
ADDED from TSFQXBackstage\IMLib\AndroidManifest.xml:73:17-90
	android:name
		ADDED from TSFQXBackstage\IMLib\AndroidManifest.xml:73:25-87
uses-sdk
INJECTED from TSFQXBackstage\IMLib\AndroidManifest.xml reason: use-sdk injection requested
INJECTED from TSFQXBackstage\IMLib\AndroidManifest.xml
INJECTED from TSFQXBackstage\IMLib\AndroidManifest.xml
INJECTED from TSFQXBackstage\IMLib\AndroidManifest.xml
INJECTED from TSFQXBackstage\IMLib\AndroidManifest.xml
	android:targetSdkVersion
		INJECTED from TSFQXBackstage\IMLib\AndroidManifest.xml
		ADDED from TSFQXBackstage\IMLib\AndroidManifest.xml
		INJECTED from TSFQXBackstage\IMLib\AndroidManifest.xml
	android:minSdkVersion
		INJECTED from TSFQXBackstage\IMLib\AndroidManifest.xml
		ADDED from TSFQXBackstage\IMLib\AndroidManifest.xml
		INJECTED from TSFQXBackstage\IMLib\AndroidManifest.xml